<?xml version="1.0" encoding="UTF-8"?>
<!-- Generated by org.testng.reporters.JUnitReportReporter -->
<testsuite skipped="0" hostname="LAPTOP-ADEQ1STN" name="testngPack.Functional" tests="3" failures="0" timestamp="17 May 2020 18:01:15 GMT" time="0.516" errors="0">
  <testcase name="displayNames" time="0.006" classname="testngPack.Functional"/>
  <testcase name="displayNamesAgain" time="0.002" classname="testngPack.Functional"/>
  <testcase name="f" time="0.508" classname="testngPack.Functional"/>
</testsuite> <!-- testngPack.Functional -->
